#
# A fatal error has been detected by the Java Runtime Environment:
#
#  EXCEPTION_ACCESS_VIOLATION (0xc0000005) at pc=0x00007ffddc7b844d, pid=4784, tid=0x0000000000001728
#
# JRE version: Java(TM) SE Runtime Environment (8.0_131-b11) (build 1.8.0_131-b11)
# Java VM: Java HotSpot(TM) 64-Bit Server VM (25.131-b11 mixed mode windows-amd64 compressed oops)
# Problematic frame:
# C  [lwjgl_opengl.dll+0x844d]
#
# Failed to write core dump. Minidumps are not enabled by default on client versions of Windows
#
# If you would like to submit a bug report, please visit:
#   http://bugreport.java.com/bugreport/crash.jsp
# The crash happened outside the Java Virtual Machine in native code.
# See problematic frame for where to report the bug.
#

---------------  T H R E A D  ---------------

Current thread (0x0000000002a66000):  JavaThread "main" [_thread_in_native, id=5928, stack(0x0000000002860000,0x0000000002960000)]

siginfo: ExceptionCode=0xc0000005, reading address 0x0000000000000f18

Registers:
RAX=0x0000000071860d50, RBX=0x000000001c076908, RCX=0x0000000000000001, RDX=0x000000001f5e4bcc
RSP=0x000000000295f498, RBP=0x000000000295f518, RSI=0x0000000000000188, RDI=0x0000000002b67e70
R8 =0x0000000000000001, R9 =0x000000001f5e4bcc, R10=0x0000000000000000, R11=0x00000000712ebd80
R12=0x0000000000000000, R13=0x000000001c076908, R14=0x000000000295f548, R15=0x0000000002a66000
RIP=0x00007ffddc7b844d, EFLAGS=0x0000000000010206

Top of Stack: (sp=0x000000000295f498)
0x000000000295f498:   0000000002b77f74 0000000002b67e70
0x000000000295f4a8:   0000000002b77ceb 0000000002a66000
0x000000000295f4b8:   000000001c076908 0000000000000188
0x000000000295f4c8:   0000000002a66000 0000000002b77ca2
0x000000000295f4d8:   000000000295f4d8 000000001c076908
0x000000000295f4e8:   000000000295f548 000000001c07ec68
0x000000000295f4f8:   0000000000000000 000000001c076908
0x000000000295f508:   0000000000000000 000000000295f538
0x000000000295f518:   000000000295f590 0000000002b6835d
0x000000000295f528:   000000076b2dde40 0000000002b719d8
0x000000000295f538:   000000001f5e4bcc 000000076ba04090
0x000000000295f548:   0000000000000001 000000000295f550
0x000000000295f558:   000000001c076a5c 000000000295f5c0
0x000000000295f568:   000000001c07ec68 0000000000000000
0x000000000295f578:   000000001c076ac0 000000000295f538
0x000000000295f588:   000000000295f5c8 000000000295f608 

Instructions: (pc=0x00007ffddc7b844d)
0x00007ffddc7b842d:   49 ff a2 f0 09 00 00 cc cc cc cc cc cc cc cc cc
0x00007ffddc7b843d:   cc cc cc 48 8b 01 49 8b d1 41 8b c8 4c 8b 50 18
0x00007ffddc7b844d:   49 ff a2 18 0f 00 00 cc cc cc cc cc cc cc cc cc
0x00007ffddc7b845d:   cc cc cc 48 8b 01 48 8b 48 18 48 8b 81 c0 1b 00 


Register to memory mapping:

RAX=0x0000000071860d50 is an unknown value
RBX={method} {0x000000001c076910} 'nglGenVertexArrays' '(IJ)V' in 'org/lwjgl/opengl/GL30'
RCX=0x0000000000000001 is an unknown value
RDX=0x000000001f5e4bcc is an unknown value
RSP=0x000000000295f498 is pointing into the stack for thread: 0x0000000002a66000
RBP=0x000000000295f518 is pointing into the stack for thread: 0x0000000002a66000
RSI=0x0000000000000188 is an unknown value
RDI=0x0000000002b67e70 is at code_begin+1040 in an Interpreter codelet
invoke return entry points  [0x0000000002b67a60, 0x0000000002b68440]  2528 bytes
R8 =0x0000000000000001 is an unknown value
R9 =0x000000001f5e4bcc is an unknown value
R10=0x0000000000000000 is an unknown value
R11=0x00000000712ebd80 is an unknown value
R12=0x0000000000000000 is an unknown value
R13={method} {0x000000001c076910} 'nglGenVertexArrays' '(IJ)V' in 'org/lwjgl/opengl/GL30'
R14=0x000000000295f548 is pointing into the stack for thread: 0x0000000002a66000
R15=0x0000000002a66000 is a thread


Stack: [0x0000000002860000,0x0000000002960000],  sp=0x000000000295f498,  free space=1021k
Native frames: (J=compiled Java code, j=interpreted, Vv=VM code, C=native code)
C  [lwjgl_opengl.dll+0x844d]

Java frames: (J=compiled Java code, j=interpreted, Vv=VM code)
j  org.lwjgl.opengl.GL30.nglGenVertexArrays(IJ)V+0
j  org.lwjgl.opengl.GL30.glGenVertexArrays()I+20
j  Circle.createCircle(III)I+50
j  Circle.<init>(III)V+44
j  HelloWorld.<init>()V+30
j  AppKt.main([Ljava/lang/String;)V+10
v  ~StubRoutines::call_stub

---------------  P R O C E S S  ---------------

Java Threads: ( => current thread )
  0x000000001e913800 JavaThread "Service Thread" daemon [_thread_blocked, id=6264, stack(0x000000001f230000,0x000000001f330000)]
  0x000000001e865000 JavaThread "C1 CompilerThread3" daemon [_thread_blocked, id=13824, stack(0x000000001f130000,0x000000001f230000)]
  0x000000001e861800 JavaThread "C2 CompilerThread2" daemon [_thread_blocked, id=7032, stack(0x000000001f030000,0x000000001f130000)]
  0x000000001e812800 JavaThread "C2 CompilerThread1" daemon [_thread_blocked, id=7016, stack(0x000000001ef30000,0x000000001f030000)]
  0x000000001e811800 JavaThread "C2 CompilerThread0" daemon [_thread_blocked, id=8980, stack(0x000000001ee30000,0x000000001ef30000)]
  0x000000001e810000 JavaThread "Monitor Ctrl-Break" daemon [_thread_in_native, id=12176, stack(0x000000001ed30000,0x000000001ee30000)]
  0x000000001e570000 JavaThread "Attach Listener" daemon [_thread_blocked, id=12220, stack(0x000000001ec30000,0x000000001ed30000)]
  0x000000001e56e800 JavaThread "Signal Dispatcher" daemon [_thread_blocked, id=500, stack(0x000000001eb30000,0x000000001ec30000)]
  0x000000001e560800 JavaThread "Finalizer" daemon [_thread_blocked, id=10812, stack(0x000000001e940000,0x000000001ea40000)]
  0x0000000002b5c000 JavaThread "Reference Handler" daemon [_thread_blocked, id=5580, stack(0x000000001e440000,0x000000001e540000)]
=>0x0000000002a66000 JavaThread "main" [_thread_in_native, id=5928, stack(0x0000000002860000,0x0000000002960000)]

Other Threads:
  0x000000001c649000 VMThread [stack: 0x000000001e340000,0x000000001e440000] [id=3980]
  0x000000001e93e800 WatcherThread [stack: 0x000000001fb30000,0x000000001fc30000] [id=5896]

VM state:not at safepoint (normal execution)

VM Mutex/Monitor currently owned by a thread: None

Heap:
 PSYoungGen      total 76288K, used 11808K [0x000000076af80000, 0x0000000770480000, 0x00000007c0000000)
  eden space 65536K, 18% used [0x000000076af80000,0x000000076bb08148,0x000000076ef80000)
  from space 10752K, 0% used [0x000000076fa00000,0x000000076fa00000,0x0000000770480000)
  to   space 10752K, 0% used [0x000000076ef80000,0x000000076ef80000,0x000000076fa00000)
 ParOldGen       total 175104K, used 0K [0x00000006c0e00000, 0x00000006cb900000, 0x000000076af80000)
  object space 175104K, 0% used [0x00000006c0e00000,0x00000006c0e00000,0x00000006cb900000)
 Metaspace       used 5743K, capacity 5946K, committed 6144K, reserved 1056768K
  class space    used 655K, capacity 737K, committed 768K, reserved 1048576K

Card table byte_map: [0x0000000011f20000,0x0000000012720000] byte_map_base: 0x000000000e919000

Marking Bits: (ParMarkBitMap*) 0x00000000718dc720
 Begin Bits: [0x0000000013480000, 0x0000000017448000)
 End Bits:   [0x0000000017448000, 0x000000001b410000)

Polling page: 0x0000000000f50000

CodeCache: size=245760Kb used=1981Kb max_used=1981Kb free=243778Kb
 bounds [0x0000000002b60000, 0x0000000002dd0000, 0x0000000011b60000]
 total_blobs=751 nmethods=415 adapters=249
 compilation: enabled

Compilation events (10 events):
Event: 0.249 Thread 0x000000001e865000 nmethod 407 0x0000000002d44710 code [0x0000000002d44880, 0x0000000002d44a30]
Event: 0.249 Thread 0x000000001e861800  408       4       java.lang.String::<init> (82 bytes)
Event: 0.249 Thread 0x000000001e865000  409       3       java.util.zip.ZipFile::access$400 (5 bytes)
Event: 0.249 Thread 0x000000001e865000 nmethod 409 0x0000000002d44b10 code [0x0000000002d44c60, 0x0000000002d44d90]
Event: 0.250 Thread 0x000000001e865000  410       3       java.lang.String::equalsIgnoreCase (48 bytes)
Event: 0.250 Thread 0x000000001e865000 nmethod 410 0x0000000002d44e50 code [0x0000000002d44fc0, 0x0000000002d45328]
Event: 0.251 Thread 0x000000001e861800 nmethod 408 0x0000000002d48390 code [0x0000000002d484e0, 0x0000000002d48818]
Event: 0.251 Thread 0x000000001e865000  411   !   3       java.net.URL::<init> (543 bytes)
Event: 0.253 Thread 0x000000001e865000 nmethod 411 0x0000000002d48a90 code [0x0000000002d48f40, 0x0000000002d4bff8]
Event: 0.253 Thread 0x000000001e865000  412   !   3       sun.misc.URLClassPath$JarLoader::getResource (353 bytes)

GC Heap History (0 events):
No events

Deoptimization events (0 events):
No events

Internal exceptions (10 events):
Event: 0.026 Thread 0x0000000002a66000 Exception <a 'java/lang/NoSuchMethodError': Method sun.misc.Unsafe.prefetchRead(Ljava/lang/Object;J)V name or signature does not match> (0x000000076af87f90) thrown at [C:\re\workspace\8-2-build-windows-amd64-cygwin\jdk8u131\8869\hotspot\src\share\vm\prims
Event: 0.180 Thread 0x0000000002a66000 Exception <a 'java/lang/NoSuchFieldError': method resolution failed> (0x000000076b703158) thrown at [C:\re\workspace\8-2-build-windows-amd64-cygwin\jdk8u131\8869\hotspot\src\share\vm\prims\methodHandles.cpp, line 1146]
Event: 0.182 Thread 0x0000000002a66000 Exception <a 'java/lang/NoSuchFieldError': method resolution failed> (0x000000076b711000) thrown at [C:\re\workspace\8-2-build-windows-amd64-cygwin\jdk8u131\8869\hotspot\src\share\vm\prims\methodHandles.cpp, line 1146]
Event: 0.212 Thread 0x0000000002a66000 Exception <a 'java/lang/NoSuchMethodError': java.lang.Object.lambda$static$0(Ljava/lang/String;)Ljava/lang/Boolean;> (0x000000076b853f38) thrown at [C:\re\workspace\8-2-build-windows-amd64-cygwin\jdk8u131\8869\hotspot\src\share\vm\interpreter\linkResolver
Event: 0.217 Thread 0x0000000002a66000 Exception <a 'java/security/PrivilegedActionException'> (0x000000076b89b970) thrown at [C:\re\workspace\8-2-build-windows-amd64-cygwin\jdk8u131\8869\hotspot\src\share\vm\prims\jvm.cpp, line 1390]
Event: 0.217 Thread 0x0000000002a66000 Exception <a 'java/security/PrivilegedActionException'> (0x000000076b89bb80) thrown at [C:\re\workspace\8-2-build-windows-amd64-cygwin\jdk8u131\8869\hotspot\src\share\vm\prims\jvm.cpp, line 1390]
Event: 0.218 Thread 0x0000000002a66000 Exception <a 'java/security/PrivilegedActionException'> (0x000000076b89fa90) thrown at [C:\re\workspace\8-2-build-windows-amd64-cygwin\jdk8u131\8869\hotspot\src\share\vm\prims\jvm.cpp, line 1390]
Event: 0.218 Thread 0x0000000002a66000 Exception <a 'java/security/PrivilegedActionException'> (0x000000076b89fca0) thrown at [C:\re\workspace\8-2-build-windows-amd64-cygwin\jdk8u131\8869\hotspot\src\share\vm\prims\jvm.cpp, line 1390]
Event: 0.243 Thread 0x0000000002a66000 Exception <a 'sun/nio/fs/WindowsException'> (0x000000076b94ce40) thrown at [C:\re\workspace\8-2-build-windows-amd64-cygwin\jdk8u131\8869\hotspot\src\share\vm\prims\jni.cpp, line 709]
Event: 0.243 Thread 0x0000000002a66000 Exception <a 'sun/nio/fs/WindowsException'> (0x000000076b94e840) thrown at [C:\re\workspace\8-2-build-windows-amd64-cygwin\jdk8u131\8869\hotspot\src\share\vm\prims\jni.cpp, line 709]

Events (10 events):
Event: 0.250 loading class org/lwjgl/system/jni/JNINativeInterface
Event: 0.250 loading class org/lwjgl/system/jni/JNINativeInterface done
Event: 0.251 loading class org/lwjgl/system/windows/WinBase
Event: 0.251 loading class org/lwjgl/system/windows/WinBase done
Event: 0.252 loading class org/lwjgl/opengl/GL$1
Event: 0.252 loading class org/lwjgl/opengl/GL$1 done
Event: 0.252 loading class org/lwjgl/opengl/GL$SharedLibraryGL
Event: 0.252 loading class org/lwjgl/opengl/GL$SharedLibraryGL done
Event: 0.253 loading class org/lwjgl/system/SharedLibrary$Delegate
Event: 0.253 loading class org/lwjgl/system/SharedLibrary$Delegate done


Dynamic libraries:
0x00007ff7801b0000 - 0x00007ff7801e7000 	C:\Program Files\Java\jdk1.8.0_131\bin\java.exe
0x00007ffdfb840000 - 0x00007ffdfba11000 	C:\Windows\SYSTEM32\ntdll.dll
0x00007ffdf93a0000 - 0x00007ffdf944c000 	C:\Windows\System32\KERNEL32.DLL
0x00007ffdf7f20000 - 0x00007ffdf813d000 	C:\Windows\System32\KERNELBASE.dll
0x00007ffdf8f60000 - 0x00007ffdf9002000 	C:\Windows\System32\ADVAPI32.dll
0x00007ffdfaa20000 - 0x00007ffdfaabe000 	C:\Windows\System32\msvcrt.dll
0x00007ffdfaaf0000 - 0x00007ffdfab49000 	C:\Windows\System32\sechost.dll
0x00007ffdf8dd0000 - 0x00007ffdf8ef1000 	C:\Windows\System32\RPCRT4.dll
0x00007ffdf91c0000 - 0x00007ffdf9325000 	C:\Windows\System32\USER32.dll
0x00007ffdf8140000 - 0x00007ffdf815e000 	C:\Windows\System32\win32u.dll
0x00007ffdfb230000 - 0x00007ffdfb264000 	C:\Windows\System32\GDI32.dll
0x00007ffdf7d40000 - 0x00007ffdf7ec0000 	C:\Windows\System32\gdi32full.dll
0x00007ffddc380000 - 0x00007ffddc5fa000 	C:\Windows\WinSxS\amd64_microsoft.windows.common-controls_6595b64144ccf1df_6.0.14393.953_none_42151e83c686086b\COMCTL32.dll
0x00007ffdfaf60000 - 0x00007ffdfb228000 	C:\Windows\System32\combase.dll
0x00007ffdf8cd0000 - 0x00007ffdf8dc5000 	C:\Windows\System32\ucrtbase.dll
0x00007ffdf8b70000 - 0x00007ffdf8bda000 	C:\Windows\System32\bcryptPrimitives.dll
0x00007ffdfb270000 - 0x00007ffdfb29e000 	C:\Windows\System32\IMM32.DLL
0x0000000071960000 - 0x0000000071a32000 	C:\Program Files\Java\jdk1.8.0_131\jre\bin\msvcr100.dll
0x00000000710c0000 - 0x000000007195c000 	C:\Program Files\Java\jdk1.8.0_131\jre\bin\server\jvm.dll
0x00007ffdf9070000 - 0x00007ffdf9078000 	C:\Windows\System32\PSAPI.DLL
0x00007ffdf5d30000 - 0x00007ffdf5d53000 	C:\Windows\SYSTEM32\WINMM.dll
0x00007ffdeb410000 - 0x00007ffdeb419000 	C:\Windows\SYSTEM32\WSOCK32.dll
0x00007ffdf38c0000 - 0x00007ffdf38ca000 	C:\Windows\SYSTEM32\VERSION.dll
0x00007ffdf9330000 - 0x00007ffdf939a000 	C:\Windows\System32\WS2_32.dll
0x00007ffdf5ce0000 - 0x00007ffdf5d0b000 	C:\Windows\SYSTEM32\WINMMBASE.dll
0x00007ffdf8be0000 - 0x00007ffdf8c22000 	C:\Windows\System32\cfgmgr32.dll
0x00000000710b0000 - 0x00000000710bf000 	C:\Program Files\Java\jdk1.8.0_131\jre\bin\verify.dll
0x0000000071080000 - 0x00000000710a9000 	C:\Program Files\Java\jdk1.8.0_131\jre\bin\java.dll
0x0000000070fe0000 - 0x0000000071003000 	C:\Program Files\Java\jdk1.8.0_131\jre\bin\instrument.dll
0x0000000071060000 - 0x0000000071076000 	C:\Program Files\Java\jdk1.8.0_131\jre\bin\zip.dll
0x00007ffdf9450000 - 0x00007ffdfa958000 	C:\Windows\System32\SHELL32.dll
0x00007ffdf8210000 - 0x00007ffdf88ea000 	C:\Windows\System32\windows.storage.dll
0x00007ffdf7cb0000 - 0x00007ffdf7cfc000 	C:\Windows\System32\powrprof.dll
0x00007ffdf9010000 - 0x00007ffdf9062000 	C:\Windows\System32\shlwapi.dll
0x00007ffdf7d00000 - 0x00007ffdf7d0f000 	C:\Windows\System32\kernel.appcore.dll
0x00007ffdf8ac0000 - 0x00007ffdf8b69000 	C:\Windows\System32\shcore.dll
0x00007ffdf7d10000 - 0x00007ffdf7d24000 	C:\Windows\System32\profapi.dll
0x00007ffdf03b0000 - 0x00007ffdf03ca000 	C:\Program Files\JetBrains\IntelliJ IDEA 2017.1.3\bin\breakgen64.dll
0x0000000071040000 - 0x000000007105a000 	C:\Program Files\Java\jdk1.8.0_131\jre\bin\net.dll
0x00007ffdf75e0000 - 0x00007ffdf763c000 	C:\Windows\system32\mswsock.dll
0x0000000071020000 - 0x0000000071031000 	C:\Program Files\Java\jdk1.8.0_131\jre\bin\nio.dll
0x00007ffdf00f0000 - 0x00007ffdf0147000 	C:\Users\viggy\AppData\Local\Temp\lwjglviggy\3.1.2-build-29\lwjgl.dll
0x00007ffddc7b0000 - 0x00007ffddc80c000 	C:\Users\viggy\AppData\Local\Temp\lwjglviggy\3.1.2-build-29\lwjgl_opengl.dll
0x00007ffdc0030000 - 0x00007ffdc0153000 	C:\Windows\SYSTEM32\opengl32.dll
0x00007ffdbff00000 - 0x00007ffdbff2d000 	C:\Windows\SYSTEM32\GLU32.dll
0x00007ffdbff30000 - 0x00007ffdc0027000 	C:\Windows\SYSTEM32\DDRAW.dll
0x00007ffdd4810000 - 0x00007ffdd4818000 	C:\Windows\SYSTEM32\DCIMAN32.dll
0x00007ffdeca80000 - 0x00007ffdecc12000 	C:\Windows\SYSTEM32\dbghelp.dll

VM Arguments:
jvm_args: -javaagent:C:\Program Files\JetBrains\IntelliJ IDEA 2017.1.3\lib\idea_rt.jar=55853:C:\Program Files\JetBrains\IntelliJ IDEA 2017.1.3\bin -Dfile.encoding=UTF-8 
java_command: AppKt
java_class_path (initial): C:\Program Files\Java\jdk1.8.0_131\jre\lib\charsets.jar;C:\Program Files\Java\jdk1.8.0_131\jre\lib\deploy.jar;C:\Program Files\Java\jdk1.8.0_131\jre\lib\ext\access-bridge-64.jar;C:\Program Files\Java\jdk1.8.0_131\jre\lib\ext\cldrdata.jar;C:\Program Files\Java\jdk1.8.0_131\jre\lib\ext\dnsns.jar;C:\Program Files\Java\jdk1.8.0_131\jre\lib\ext\jaccess.jar;C:\Program Files\Java\jdk1.8.0_131\jre\lib\ext\jfxrt.jar;C:\Program Files\Java\jdk1.8.0_131\jre\lib\ext\localedata.jar;C:\Program Files\Java\jdk1.8.0_131\jre\lib\ext\nashorn.jar;C:\Program Files\Java\jdk1.8.0_131\jre\lib\ext\sunec.jar;C:\Program Files\Java\jdk1.8.0_131\jre\lib\ext\sunjce_provider.jar;C:\Program Files\Java\jdk1.8.0_131\jre\lib\ext\sunmscapi.jar;C:\Program Files\Java\jdk1.8.0_131\jre\lib\ext\sunpkcs11.jar;C:\Program Files\Java\jdk1.8.0_131\jre\lib\ext\zipfs.jar;C:\Program Files\Java\jdk1.8.0_131\jre\lib\javaws.jar;C:\Program Files\Java\jdk1.8.0_131\jre\lib\jce.jar;C:\Program Files\Java\jdk1.8.0_131\jre\lib\jfr.jar;C:\Program Files\Java\jdk1.8.0_131\jre\lib\jfxswt.jar;C:\Program Files\Java\jdk1.8.0_131\jre\lib\jsse.jar;C:\Program Files\Java\jdk1.8.0_131\jre\lib\management-agent.jar;C:\Program Files\Java\jdk1.8.0_131\jre\lib\plugin.jar;C:\Program Files\Java\jdk1.8.0_131\jre\lib\resources.jar;C:\Program Files\Java\jdk1.8.0_131\jre\lib\rt.jar;C:\Users\viggy\IdeaProjects\Playground+\out\production\Playground+;C:\Users\viggy\.IntelliJIdea2017.1\config\plugins\Kotlin\kotlinc\lib\kotlin-runtime.jar;C:\Users\viggy\.IntelliJIdea2017.1\config\plugins\Kotlin\kotlinc\lib\kotlin-reflect.jar;C:\Users\viggy\Downloads\lwjgl-release-3.1.2-custom\lwjgl.jar;C:\Users\viggy\Downloads\lwjgl-release-3.1.2-custom\lwjgl-egl.jar;C:\Users\viggy\Downloads\lwjgl-release-3.1.2-custom\lwjgl-nfd.jar;C:\Users\viggy\Downloads\lwjgl-release-3.1.2-custom\lwjgl-ovr.jar;C:\Users\viggy\Downloads\lwjgl-release-3.1.2-custom\lwjgl-par.jar;C:\Users\viggy\Downloads\lwjgl-release-3.1.2-custom\lwjgl-sse.jar;C:\Users\viggy
Launcher Type: SUN_STANDARD

Environment Variables:
PATH=C:\Program Files\NVIDIA GPU Computing Toolkit\CUDA\v8.0\bin;C:\Program Files\NVIDIA GPU Computing Toolkit\CUDA\v8.0\libnvvp;C:\ProgramData\Oracle\Java\javapath;C:\Windows\system32;C:\Windows;C:\Windows\System32\Wbem;C:\Windows\System32\WindowsPowerShell\v1.0\;C:\Program Files\Microsoft SQL Server\130\Tools\Binn\;C:\Program Files\Microsoft SQL Server\Client SDK\ODBC\130\Tools\Binn\;C:\Program Files (x86)\Microsoft SQL Server\130\Tools\Binn\;C:\Program Files\Microsoft SQL Server\130\DTS\Binn\;C:\Program Files (x86)\Microsoft SQL Server\Client SDK\ODBC\130\Tools\Binn\;C:\Program Files (x86)\Microsoft SQL Server\130\DTS\Binn\;C:\Program Files (x86)\Microsoft SQL Server\130\Tools\Binn\ManagementStudio\;C:\Program Files\Redis\;C:\Program Files\dotnet\;C:\Program Files\PuTTY\;C:\Program Files (x86)\NVIDIA Corporation\PhysX\Common;C:\Users\viggy\AppData\Local\Microsoft\WindowsApps;
USERNAME=viggy
OS=Windows_NT
PROCESSOR_IDENTIFIER=Intel64 Family 6 Model 158 Stepping 9, GenuineIntel



---------------  S Y S T E M  ---------------

OS: Windows 10.0 , 64 bit Build 14393 (10.0.14393.1198)

CPU:total 8 (initial active 8) (4 cores per cpu, 2 threads per core) family 6 model 158 stepping 9, cmov, cx8, fxsr, mmx, sse, sse2, sse3, ssse3, sse4.1, sse4.2, popcnt, avx, avx2, aes, clmul, erms, rtm, 3dnowpref, lzcnt, ht, tsc, tscinvbit, bmi1, bmi2, adx

Memory: 4k page, physical 16714856k(8443564k free), swap 19205224k(6613888k free)

vm_info: Java HotSpot(TM) 64-Bit Server VM (25.131-b11) for windows-amd64 JRE (1.8.0_131-b11), built on Mar 15 2017 01:23:53 by "java_re" with MS VC++ 10.0 (VS2010)

time: Fri Jun 23 19:58:40 2017
elapsed time: 0 seconds (0d 0h 0m 0s)

