#
# A fatal error has been detected by the Java Runtime Environment:
#
#  EXCEPTION_ACCESS_VIOLATION (0xc0000005) at pc=0x00007ffa6289e2b9, pid=3084, tid=0x0000000000002d88
#
# JRE version: Java(TM) SE Runtime Environment (8.0_131-b11) (build 1.8.0_131-b11)
# Java VM: Java HotSpot(TM) 64-Bit Server VM (25.131-b11 mixed mode windows-amd64 compressed oops)
# Problematic frame:
# C  [lwjgl_opengl.dll+0xe2b9]
#
# Failed to write core dump. Minidumps are not enabled by default on client versions of Windows
#
# If you would like to submit a bug report, please visit:
#   http://bugreport.java.com/bugreport/crash.jsp
# The crash happened outside the Java Virtual Machine in native code.
# See problematic frame for where to report the bug.
#

---------------  T H R E A D  ---------------

Current thread (0x0000000002516000):  JavaThread "main" [_thread_in_native, id=11656, stack(0x00000000022e0000,0x00000000023e0000)]

siginfo: ExceptionCode=0xc0000005, reading address 0x0000000000000390

Registers:
RAX=0x0000000052a90d50, RBX=0x000000001bc14768, RCX=0x0000000000000000, RDX=0x00000000023df308
RSP=0x00000000023df268, RBP=0x00000000023df2f8, RSI=0x0000000000000163, RDI=0x000000000261835d
R8 =0x0000000000000004, R9 =0x00000000021d7c70, R10=0x0000000002627f48, R11=0x000000005251bd80
R12=0x0000000000000000, R13=0x000000001bc14768, R14=0x00000000023df330, R15=0x0000000002516000
RIP=0x00007ffa6289e2b9, EFLAGS=0x0000000000010202

Top of Stack: (sp=0x00000000023df268)
0x00000000023df268:   0000000002627f74 0000000000000163
0x00000000023df278:   000000000261835d 000000000261835d
0x00000000023df288:   0000000002627ceb 000000003f666666
0x00000000023df298:   0000000000000000 0000000000000163
0x00000000023df2a8:   0000000002516000 0000000002627ca2
0x00000000023df2b8:   00000000023df2b8 000000001bc14768
0x00000000023df2c8:   00000000023df330 000000001bc38c28
0x00000000023df2d8:   0000000000000000 000000001bc14768
0x00000000023df2e8:   0000000000000000 00000000023df318
0x00000000023df2f8:   00000000023df378 000000000261835d
0x00000000023df308:   000000076bafb998 00000000026219d8
0x00000000023df318:   0000000000000000 000000003f666666
0x00000000023df328:   000000003f19999a 000000073ecccccd
0x00000000023df338:   00000000023df338 000000001bac7bbe
0x00000000023df348:   00000000023df3a8 000000001bac8338
0x00000000023df358:   0000000000000000 000000001bac7c58 

Instructions: (pc=0x00007ffa6289e2b9)
0x00007ffa6289e299:   48 ff a1 58 03 00 00 48 8b 01 0f 28 cb f3 0f 10
0x00007ffa6289e2a9:   5c 24 30 0f 28 c2 f3 0f 10 54 24 28 48 8b 48 18
0x00007ffa6289e2b9:   48 ff a1 90 03 00 00 48 8b 01 0f 28 c2 48 8b 48
0x00007ffa6289e2c9:   18 48 ff a1 a8 03 00 00 cc cc cc cc cc cc cc cc 


Register to memory mapping:

RAX=0x0000000052a90d50 is an unknown value
RBX={method} {0x000000001bc14770} 'glClearColor' '(FFFF)V' in 'org/lwjgl/opengl/GL11'
RCX=0x0000000000000000 is an unknown value
RDX=0x00000000023df308 is pointing into the stack for thread: 0x0000000002516000
RSP=0x00000000023df268 is pointing into the stack for thread: 0x0000000002516000
RBP=0x00000000023df2f8 is pointing into the stack for thread: 0x0000000002516000
RSI=0x0000000000000163 is an unknown value
RDI=0x000000000261835d is at code_begin+2301 in an Interpreter codelet
invoke return entry points  [0x0000000002617a60, 0x0000000002618440]  2528 bytes
R8 =0x0000000000000004 is an unknown value
R9 =0x00000000021d7c70 is an unknown value
R10=0x0000000002627f48 is at code_begin+840 in an Interpreter codelet
method entry point (kind = native)  [0x0000000002627c00, 0x0000000002628560]  2400 bytes
R11=0x000000005251bd80 is an unknown value
R12=0x0000000000000000 is an unknown value
R13={method} {0x000000001bc14770} 'glClearColor' '(FFFF)V' in 'org/lwjgl/opengl/GL11'
R14=0x00000000023df330 is pointing into the stack for thread: 0x0000000002516000
R15=0x0000000002516000 is a thread


Stack: [0x00000000022e0000,0x00000000023e0000],  sp=0x00000000023df268,  free space=1020k
Native frames: (J=compiled Java code, j=interpreted, Vv=VM code, C=native code)
C  [lwjgl_opengl.dll+0xe2b9]

Java frames: (J=compiled Java code, j=interpreted, Vv=VM code)
j  org.lwjgl.opengl.GL11.glClearColor(FFFF)V+0
j  HelloWorld.init()V+198
j  HelloWorld.run()V+35
j  AppKt.main([Ljava/lang/String;)V+13
v  ~StubRoutines::call_stub

---------------  P R O C E S S  ---------------

Java Threads: ( => current thread )
  0x000000001e352800 JavaThread "Service Thread" daemon [_thread_blocked, id=15744, stack(0x000000001ec70000,0x000000001ed70000)]
  0x000000001e2a4000 JavaThread "C1 CompilerThread3" daemon [_thread_blocked, id=1268, stack(0x000000001eb70000,0x000000001ec70000)]
  0x000000001e2a0800 JavaThread "C2 CompilerThread2" daemon [_thread_blocked, id=2052, stack(0x000000001ea70000,0x000000001eb70000)]
  0x000000001e29b800 JavaThread "C2 CompilerThread1" daemon [_thread_blocked, id=14728, stack(0x000000001e970000,0x000000001ea70000)]
  0x000000001e297000 JavaThread "C2 CompilerThread0" daemon [_thread_blocked, id=9072, stack(0x000000001e870000,0x000000001e970000)]
  0x000000001e28a800 JavaThread "Monitor Ctrl-Break" daemon [_thread_in_native, id=9964, stack(0x000000001e770000,0x000000001e870000)]
  0x000000001dfad000 JavaThread "Attach Listener" daemon [_thread_blocked, id=1840, stack(0x000000001e670000,0x000000001e770000)]
  0x000000001dfac000 JavaThread "Signal Dispatcher" daemon [_thread_blocked, id=14220, stack(0x000000001e570000,0x000000001e670000)]
  0x000000001dfa0800 JavaThread "Finalizer" daemon [_thread_blocked, id=6044, stack(0x000000001e380000,0x000000001e480000)]
  0x000000000260c000 JavaThread "Reference Handler" daemon [_thread_blocked, id=11176, stack(0x000000001de80000,0x000000001df80000)]
=>0x0000000002516000 JavaThread "main" [_thread_in_native, id=11656, stack(0x00000000022e0000,0x00000000023e0000)]

Other Threads:
  0x000000001c0a8800 VMThread [stack: 0x000000001dd80000,0x000000001de80000] [id=12012]
  0x000000001edce800 WatcherThread [stack: 0x000000001f570000,0x000000001f670000] [id=9552]

VM state:not at safepoint (normal execution)

VM Mutex/Monitor currently owned by a thread: None

Heap:
 PSYoungGen      total 76288K, used 13212K [0x000000076af80000, 0x0000000770480000, 0x00000007c0000000)
  eden space 65536K, 20% used [0x000000076af80000,0x000000076bc67200,0x000000076ef80000)
  from space 10752K, 0% used [0x000000076fa00000,0x000000076fa00000,0x0000000770480000)
  to   space 10752K, 0% used [0x000000076ef80000,0x000000076ef80000,0x000000076fa00000)
 ParOldGen       total 175104K, used 0K [0x00000006c0e00000, 0x00000006cb900000, 0x000000076af80000)
  object space 175104K, 0% used [0x00000006c0e00000,0x00000006c0e00000,0x00000006cb900000)
 Metaspace       used 6267K, capacity 6444K, committed 6784K, reserved 1056768K
  class space    used 677K, capacity 770K, committed 896K, reserved 1048576K

Card table byte_map: [0x00000000119d0000,0x00000000121d0000] byte_map_base: 0x000000000e3c9000

Marking Bits: (ParMarkBitMap*) 0x0000000052b0c720
 Begin Bits: [0x0000000012f30000, 0x0000000016ef8000)
 End Bits:   [0x0000000016ef8000, 0x000000001aec0000)

Polling page: 0x0000000000950000

CodeCache: size=245760Kb used=2270Kb max_used=2270Kb free=243490Kb
 bounds [0x0000000002610000, 0x0000000002880000, 0x0000000011610000]
 total_blobs=1182 nmethods=469 adapters=626
 compilation: enabled

Compilation events (10 events):
Event: 0.915 Thread 0x000000001e2a4000 nmethod 463 0x0000000002840890 code [0x0000000002840a20, 0x0000000002840db8]
Event: 0.915 Thread 0x000000001e2a4000  465       3       java.util.regex.Pattern$Slice::match (79 bytes)
Event: 0.916 Thread 0x000000001e2a0800  467       4       java.lang.String::getChars (62 bytes)
Event: 0.916 Thread 0x000000001e2a4000 nmethod 465 0x0000000002840ed0 code [0x0000000002841060, 0x0000000002841518]
Event: 0.916 Thread 0x000000001e2a4000  464       3       java.util.regex.Pattern$Node::match (27 bytes)
Event: 0.916 Thread 0x000000001e2a4000 nmethod 464 0x0000000002841710 code [0x0000000002841880, 0x0000000002841a30]
Event: 0.916 Thread 0x000000001e2a4000  466       3       java.io.FilterInputStream::read (8 bytes)
Event: 0.916 Thread 0x000000001e2a4000 nmethod 466 0x0000000002841b50 code [0x0000000002841cc0, 0x0000000002841ee8]
Event: 0.916 Thread 0x000000001e2a0800 nmethod 467 0x0000000002844d10 code [0x0000000002844e60, 0x0000000002844fd8]
Event: 0.917 Thread 0x000000001e2a4000  469   !   3       java.net.URL::<init> (543 bytes)

GC Heap History (0 events):
No events

Deoptimization events (0 events):
No events

Internal exceptions (10 events):
Event: 0.024 Thread 0x0000000002516000 Exception <a 'java/lang/NoSuchMethodError': Method sun.misc.Unsafe.prefetchRead(Ljava/lang/Object;J)V name or signature does not match> (0x000000076af87f90) thrown at [C:\re\workspace\8-2-build-windows-amd64-cygwin\jdk8u131\8869\hotspot\src\share\vm\prims
Event: 0.139 Thread 0x0000000002516000 Exception <a 'java/lang/NoSuchMethodError': java.lang.Object.lambda$static$0(Ljava/lang/String;)Ljava/lang/Boolean;> (0x000000076b629140) thrown at [C:\re\workspace\8-2-build-windows-amd64-cygwin\jdk8u131\8869\hotspot\src\share\vm\interpreter\linkResolver
Event: 0.148 Thread 0x0000000002516000 Exception <a 'java/lang/NoSuchFieldError': method resolution failed> (0x000000076b6ab4e8) thrown at [C:\re\workspace\8-2-build-windows-amd64-cygwin\jdk8u131\8869\hotspot\src\share\vm\prims\methodHandles.cpp, line 1146]
Event: 0.149 Thread 0x0000000002516000 Exception <a 'java/lang/NoSuchFieldError': method resolution failed> (0x000000076b6b9108) thrown at [C:\re\workspace\8-2-build-windows-amd64-cygwin\jdk8u131\8869\hotspot\src\share\vm\prims\methodHandles.cpp, line 1146]
Event: 0.163 Thread 0x0000000002516000 Exception <a 'java/security/PrivilegedActionException'> (0x000000076b76cc30) thrown at [C:\re\workspace\8-2-build-windows-amd64-cygwin\jdk8u131\8869\hotspot\src\share\vm\prims\jvm.cpp, line 1390]
Event: 0.163 Thread 0x0000000002516000 Exception <a 'java/security/PrivilegedActionException'> (0x000000076b76ce40) thrown at [C:\re\workspace\8-2-build-windows-amd64-cygwin\jdk8u131\8869\hotspot\src\share\vm\prims\jvm.cpp, line 1390]
Event: 0.164 Thread 0x0000000002516000 Exception <a 'java/security/PrivilegedActionException'> (0x000000076b770d50) thrown at [C:\re\workspace\8-2-build-windows-amd64-cygwin\jdk8u131\8869\hotspot\src\share\vm\prims\jvm.cpp, line 1390]
Event: 0.164 Thread 0x0000000002516000 Exception <a 'java/security/PrivilegedActionException'> (0x000000076b770f60) thrown at [C:\re\workspace\8-2-build-windows-amd64-cygwin\jdk8u131\8869\hotspot\src\share\vm\prims\jvm.cpp, line 1390]
Event: 0.916 Thread 0x0000000002516000 Exception <a 'sun/nio/fs/WindowsException'> (0x000000076bb61cb8) thrown at [C:\re\workspace\8-2-build-windows-amd64-cygwin\jdk8u131\8869\hotspot\src\share\vm\prims\jni.cpp, line 709]
Event: 0.916 Thread 0x0000000002516000 Exception <a 'sun/nio/fs/WindowsException'> (0x000000076bb636b8) thrown at [C:\re\workspace\8-2-build-windows-amd64-cygwin\jdk8u131\8869\hotspot\src\share\vm\prims\jni.cpp, line 709]

Events (10 events):
Event: 0.916 loading class java/nio/file/NoSuchFileException
Event: 0.916 loading class java/nio/file/FileSystemException
Event: 0.916 loading class java/nio/file/FileSystemException done
Event: 0.916 loading class java/nio/file/NoSuchFileException done
Event: 0.916 loading class org/lwjgl/opengl/GL$1
Event: 0.916 loading class org/lwjgl/opengl/GL$1 done
Event: 0.917 loading class org/lwjgl/opengl/GL$SharedLibraryGL
Event: 0.917 loading class org/lwjgl/opengl/GL$SharedLibraryGL done
Event: 0.917 loading class org/lwjgl/system/SharedLibrary$Delegate
Event: 0.917 loading class org/lwjgl/system/SharedLibrary$Delegate done


Dynamic libraries:
0x00007ff7a9b80000 - 0x00007ff7a9bb7000 	C:\Program Files\Java\jdk1.8.0_131\bin\java.exe
0x00007ffa858a0000 - 0x00007ffa85a71000 	C:\Windows\SYSTEM32\ntdll.dll
0x00007ffa83440000 - 0x00007ffa834ec000 	C:\Windows\System32\KERNEL32.DLL
0x00007ffa825b0000 - 0x00007ffa827cd000 	C:\Windows\System32\KERNELBASE.dll
0x00007ffa857e0000 - 0x00007ffa85882000 	C:\Windows\System32\ADVAPI32.dll
0x00007ffa83880000 - 0x00007ffa8391e000 	C:\Windows\System32\msvcrt.dll
0x00007ffa82f00000 - 0x00007ffa82f59000 	C:\Windows\System32\sechost.dll
0x00007ffa83960000 - 0x00007ffa83a81000 	C:\Windows\System32\RPCRT4.dll
0x00007ffa834f0000 - 0x00007ffa83655000 	C:\Windows\System32\USER32.dll
0x00007ffa82520000 - 0x00007ffa8253e000 	C:\Windows\System32\win32u.dll
0x00007ffa83920000 - 0x00007ffa83954000 	C:\Windows\System32\GDI32.dll
0x00007ffa82b60000 - 0x00007ffa82ce0000 	C:\Windows\System32\gdi32full.dll
0x00007ffa794f0000 - 0x00007ffa7976a000 	C:\Windows\WinSxS\amd64_microsoft.windows.common-controls_6595b64144ccf1df_6.0.14393.953_none_42151e83c686086b\COMCTL32.dll
0x00007ffa83bc0000 - 0x00007ffa83e88000 	C:\Windows\System32\combase.dll
0x00007ffa82d30000 - 0x00007ffa82e25000 	C:\Windows\System32\ucrtbase.dll
0x00007ffa82540000 - 0x00007ffa825aa000 	C:\Windows\System32\bcryptPrimitives.dll
0x00007ffa82f60000 - 0x00007ffa82f8e000 	C:\Windows\System32\IMM32.DLL
0x0000000052b90000 - 0x0000000052c62000 	C:\Program Files\Java\jdk1.8.0_131\jre\bin\msvcr100.dll
0x00000000522f0000 - 0x0000000052b8c000 	C:\Program Files\Java\jdk1.8.0_131\jre\bin\server\jvm.dll
0x00007ffa85890000 - 0x00007ffa85898000 	C:\Windows\System32\PSAPI.DLL
0x00007ffa80130000 - 0x00007ffa80139000 	C:\Windows\SYSTEM32\WSOCK32.dll
0x00007ffa7ff90000 - 0x00007ffa7ffb3000 	C:\Windows\SYSTEM32\WINMM.dll
0x00007ffa7dd20000 - 0x00007ffa7dd2a000 	C:\Windows\SYSTEM32\VERSION.dll
0x00007ffa83ab0000 - 0x00007ffa83b1a000 	C:\Windows\System32\WS2_32.dll
0x00007ffa7fe80000 - 0x00007ffa7feab000 	C:\Windows\SYSTEM32\WINMMBASE.dll
0x00007ffa82ce0000 - 0x00007ffa82d22000 	C:\Windows\System32\cfgmgr32.dll
0x00000000522e0000 - 0x00000000522ef000 	C:\Program Files\Java\jdk1.8.0_131\jre\bin\verify.dll
0x00000000522b0000 - 0x00000000522d9000 	C:\Program Files\Java\jdk1.8.0_131\jre\bin\java.dll
0x0000000052210000 - 0x0000000052233000 	C:\Program Files\Java\jdk1.8.0_131\jre\bin\instrument.dll
0x0000000052290000 - 0x00000000522a6000 	C:\Program Files\Java\jdk1.8.0_131\jre\bin\zip.dll
0x00007ffa84130000 - 0x00007ffa85638000 	C:\Windows\System32\SHELL32.dll
0x00007ffa81da0000 - 0x00007ffa8247a000 	C:\Windows\System32\windows.storage.dll
0x00007ffa81d50000 - 0x00007ffa81d9c000 	C:\Windows\System32\powrprof.dll
0x00007ffa83e90000 - 0x00007ffa83ee2000 	C:\Windows\System32\shlwapi.dll
0x00007ffa81d40000 - 0x00007ffa81d4f000 	C:\Windows\System32\kernel.appcore.dll
0x00007ffa82830000 - 0x00007ffa828d9000 	C:\Windows\System32\shcore.dll
0x00007ffa81d20000 - 0x00007ffa81d34000 	C:\Windows\System32\profapi.dll
0x00007ffa77610000 - 0x00007ffa7762a000 	C:\Program Files\JetBrains\IntelliJ IDEA 2017.1.3\bin\breakgen64.dll
0x0000000052270000 - 0x000000005228a000 	C:\Program Files\Java\jdk1.8.0_131\jre\bin\net.dll
0x00007ffa81640000 - 0x00007ffa8169c000 	C:\Windows\system32\mswsock.dll
0x0000000052250000 - 0x0000000052261000 	C:\Program Files\Java\jdk1.8.0_131\jre\bin\nio.dll
0x00007ffa6e590000 - 0x00007ffa6e5e7000 	C:\Users\viggy\AppData\Local\Temp\lwjglviggy\3.1.2-build-29\lwjgl.dll
0x00007ffa72c70000 - 0x00007ffa72cac000 	C:\Users\viggy\AppData\Local\Temp\lwjglviggy\3.1.2-build-29\jemalloc.dll
0x00007ffa651d0000 - 0x00007ffa6520d000 	C:\Users\viggy\AppData\Local\Temp\lwjglviggy\3.1.2-build-29\glfw.dll
0x00007ffa80450000 - 0x00007ffa804e5000 	C:\Windows\system32\uxtheme.dll
0x00007ffa65080000 - 0x00007ffa650c0000 	C:\Windows\SYSTEM32\dinput8.dll
0x00007ffa7c950000 - 0x00007ffa7c95e000 	C:\Windows\SYSTEM32\xinput1_4.dll
0x00007ffa80880000 - 0x00007ffa808a8000 	C:\Windows\SYSTEM32\DEVOBJ.dll
0x00007ffa7f0d0000 - 0x00007ffa7f0f6000 	C:\Windows\SYSTEM32\dwmapi.dll
0x00007ffa83720000 - 0x00007ffa8387a000 	C:\Windows\System32\MSCTF.dll
0x00007ffa83660000 - 0x00007ffa8371f000 	C:\Windows\System32\OLEAUT32.dll
0x00007ffa82480000 - 0x00007ffa8251c000 	C:\Windows\System32\msvcp_win.dll
0x00007ffa80bf0000 - 0x00007ffa80bfc000 	C:\Windows\SYSTEM32\HID.DLL
0x00007ffa83000000 - 0x00007ffa83429000 	C:\Windows\System32\SETUPAPI.DLL
0x00007ffa827d0000 - 0x00007ffa82825000 	C:\Windows\System32\WINTRUST.dll
0x00007ffa81d10000 - 0x00007ffa81d20000 	C:\Windows\System32\MSASN1.dll
0x00007ffa82990000 - 0x00007ffa82b59000 	C:\Windows\System32\CRYPT32.dll
0x00007ffa54880000 - 0x00007ffa549a3000 	C:\Windows\SYSTEM32\opengl32.dll
0x00007ffa54780000 - 0x00007ffa54877000 	C:\Windows\SYSTEM32\DDRAW.dll
0x00007ffa7c580000 - 0x00007ffa7c5ad000 	C:\Windows\SYSTEM32\GLU32.dll
0x00007ffa7eee0000 - 0x00007ffa7eee8000 	C:\Windows\SYSTEM32\DCIMAN32.dll
0x00000000500c0000 - 0x0000000052210000 	C:\Windows\SYSTEM32\nvoglv64.DLL
0x00007ffa7ef40000 - 0x00007ffa7ef53000 	C:\Windows\SYSTEM32\WTSAPI32.dll
0x00007ffa81110000 - 0x00007ffa81142000 	C:\Windows\SYSTEM32\ntmarta.dll
0x00007ffa80e70000 - 0x00007ffa80ec6000 	C:\Windows\SYSTEM32\WINSTA.dll
0x00007ffa62890000 - 0x00007ffa628ec000 	C:\Users\viggy\AppData\Local\Temp\lwjglviggy\3.1.2-build-29\lwjgl_opengl.dll
0x00007ffa7d610000 - 0x00007ffa7d7a2000 	C:\Windows\SYSTEM32\dbghelp.dll

VM Arguments:
jvm_args: -javaagent:C:\Program Files\JetBrains\IntelliJ IDEA 2017.1.3\lib\idea_rt.jar=60760:C:\Program Files\JetBrains\IntelliJ IDEA 2017.1.3\bin -Dfile.encoding=UTF-8 
java_command: AppKt
java_class_path (initial): C:\Program Files\Java\jdk1.8.0_131\jre\lib\charsets.jar;C:\Program Files\Java\jdk1.8.0_131\jre\lib\deploy.jar;C:\Program Files\Java\jdk1.8.0_131\jre\lib\ext\access-bridge-64.jar;C:\Program Files\Java\jdk1.8.0_131\jre\lib\ext\cldrdata.jar;C:\Program Files\Java\jdk1.8.0_131\jre\lib\ext\dnsns.jar;C:\Program Files\Java\jdk1.8.0_131\jre\lib\ext\jaccess.jar;C:\Program Files\Java\jdk1.8.0_131\jre\lib\ext\jfxrt.jar;C:\Program Files\Java\jdk1.8.0_131\jre\lib\ext\localedata.jar;C:\Program Files\Java\jdk1.8.0_131\jre\lib\ext\nashorn.jar;C:\Program Files\Java\jdk1.8.0_131\jre\lib\ext\sunec.jar;C:\Program Files\Java\jdk1.8.0_131\jre\lib\ext\sunjce_provider.jar;C:\Program Files\Java\jdk1.8.0_131\jre\lib\ext\sunmscapi.jar;C:\Program Files\Java\jdk1.8.0_131\jre\lib\ext\sunpkcs11.jar;C:\Program Files\Java\jdk1.8.0_131\jre\lib\ext\zipfs.jar;C:\Program Files\Java\jdk1.8.0_131\jre\lib\javaws.jar;C:\Program Files\Java\jdk1.8.0_131\jre\lib\jce.jar;C:\Program Files\Java\jdk1.8.0_131\jre\lib\jfr.jar;C:\Program Files\Java\jdk1.8.0_131\jre\lib\jfxswt.jar;C:\Program Files\Java\jdk1.8.0_131\jre\lib\jsse.jar;C:\Program Files\Java\jdk1.8.0_131\jre\lib\management-agent.jar;C:\Program Files\Java\jdk1.8.0_131\jre\lib\plugin.jar;C:\Program Files\Java\jdk1.8.0_131\jre\lib\resources.jar;C:\Program Files\Java\jdk1.8.0_131\jre\lib\rt.jar;C:\Users\viggy\IdeaProjects\Playground+\out\production\Playground+;C:\Users\viggy\.IntelliJIdea2017.1\config\plugins\Kotlin\kotlinc\lib\kotlin-runtime.jar;C:\Users\viggy\.IntelliJIdea2017.1\config\plugins\Kotlin\kotlinc\lib\kotlin-reflect.jar;C:\Users\viggy\Downloads\lwjgl-release-3.1.2-custom\lwjgl.jar;C:\Users\viggy\Downloads\lwjgl-release-3.1.2-custom\lwjgl-egl.jar;C:\Users\viggy\Downloads\lwjgl-release-3.1.2-custom\lwjgl-nfd.jar;C:\Users\viggy\Downloads\lwjgl-release-3.1.2-custom\lwjgl-ovr.jar;C:\Users\viggy\Downloads\lwjgl-release-3.1.2-custom\lwjgl-par.jar;C:\Users\viggy\Downloads\lwjgl-release-3.1.2-custom\lwjgl-sse.jar;C:\Users\viggy
Launcher Type: SUN_STANDARD

Environment Variables:
PATH=C:\Program Files\NVIDIA GPU Computing Toolkit\CUDA\v8.0\bin;C:\Program Files\NVIDIA GPU Computing Toolkit\CUDA\v8.0\libnvvp;C:\ProgramData\Oracle\Java\javapath;C:\Windows\system32;C:\Windows;C:\Windows\System32\Wbem;C:\Windows\System32\WindowsPowerShell\v1.0\;C:\Program Files\Microsoft SQL Server\130\Tools\Binn\;C:\Program Files\Microsoft SQL Server\Client SDK\ODBC\130\Tools\Binn\;C:\Program Files (x86)\Microsoft SQL Server\130\Tools\Binn\;C:\Program Files\Microsoft SQL Server\130\DTS\Binn\;C:\Program Files (x86)\Microsoft SQL Server\Client SDK\ODBC\130\Tools\Binn\;C:\Program Files (x86)\Microsoft SQL Server\130\DTS\Binn\;C:\Program Files (x86)\Microsoft SQL Server\130\Tools\Binn\ManagementStudio\;C:\Program Files\Redis\;C:\Program Files\dotnet\;C:\Program Files\PuTTY\;C:\Program Files (x86)\NVIDIA Corporation\PhysX\Common;C:\Users\viggy\AppData\Local\Microsoft\WindowsApps;
USERNAME=viggy
OS=Windows_NT
PROCESSOR_IDENTIFIER=Intel64 Family 6 Model 158 Stepping 9, GenuineIntel



---------------  S Y S T E M  ---------------

OS: Windows 10.0 , 64 bit Build 14393 (10.0.14393.1198)

CPU:total 8 (initial active 8) (4 cores per cpu, 2 threads per core) family 6 model 158 stepping 9, cmov, cx8, fxsr, mmx, sse, sse2, sse3, ssse3, sse4.1, sse4.2, popcnt, avx, avx2, aes, clmul, erms, rtm, 3dnowpref, lzcnt, ht, tsc, tscinvbit, bmi1, bmi2, adx

Memory: 4k page, physical 16714856k(9273460k free), swap 19205224k(7035048k free)

vm_info: Java HotSpot(TM) 64-Bit Server VM (25.131-b11) for windows-amd64 JRE (1.8.0_131-b11), built on Mar 15 2017 01:23:53 by "java_re" with MS VC++ 10.0 (VS2010)

time: Wed Jun 21 01:22:58 2017
elapsed time: 0 seconds (0d 0h 0m 0s)

