#
# A fatal error has been detected by the Java Runtime Environment:
#
#  EXCEPTION_ACCESS_VIOLATION (0xc0000005) at pc=0x00007ffddc7b844d, pid=6956, tid=0x0000000000002828
#
# JRE version: Java(TM) SE Runtime Environment (8.0_131-b11) (build 1.8.0_131-b11)
# Java VM: Java HotSpot(TM) 64-Bit Server VM (25.131-b11 mixed mode windows-amd64 compressed oops)
# Problematic frame:
# C  [lwjgl_opengl.dll+0x844d]
#
# Failed to write core dump. Minidumps are not enabled by default on client versions of Windows
#
# If you would like to submit a bug report, please visit:
#   http://bugreport.java.com/bugreport/crash.jsp
# The crash happened outside the Java Virtual Machine in native code.
# See problematic frame for where to report the bug.
#

---------------  T H R E A D  ---------------

Current thread (0x0000000002e96000):  JavaThread "main" [_thread_in_native, id=10280, stack(0x0000000002c90000,0x0000000002d90000)]

siginfo: ExceptionCode=0xc0000005, reading address 0x0000000000000f18

Registers:
RAX=0x0000000071860d50, RBX=0x000000001c4a68b0, RCX=0x0000000000000001, RDX=0x000000001fb306ec
RSP=0x0000000002d8f2c8, RBP=0x0000000002d8f348, RSI=0x0000000000000188, RDI=0x0000000002f97e70
R8 =0x0000000000000001, R9 =0x000000001fb306ec, R10=0x0000000000000000, R11=0x00000000712ebd80
R12=0x0000000000000000, R13=0x000000001c4a68b0, R14=0x0000000002d8f378, R15=0x0000000002e96000
RIP=0x00007ffddc7b844d, EFLAGS=0x0000000000010206

Top of Stack: (sp=0x0000000002d8f2c8)
0x0000000002d8f2c8:   0000000002fa7f74 0000000002f97e70
0x0000000002d8f2d8:   0000000002fa7ceb 0000000002e96000
0x0000000002d8f2e8:   000000001c4a68b0 0000000000000188
0x0000000002d8f2f8:   0000000002e96000 0000000002fa7ca2
0x0000000002d8f308:   0000000002d8f308 000000001c4a68b0
0x0000000002d8f318:   0000000002d8f378 000000001c4aec10
0x0000000002d8f328:   0000000000000000 000000001c4a68b0
0x0000000002d8f338:   0000000000000000 0000000002d8f368
0x0000000002d8f348:   0000000002d8f3c0 0000000002f9835d
0x0000000002d8f358:   000000076b2ddf68 0000000002fa19d8
0x0000000002d8f368:   000000001fb306ec 000000076ba064a8
0x0000000002d8f378:   0000000000000001 0000000002d8f380
0x0000000002d8f388:   000000001c4a6a04 0000000002d8f3f0
0x0000000002d8f398:   000000001c4aec10 0000000000000000
0x0000000002d8f3a8:   000000001c4a6a68 0000000002d8f368
0x0000000002d8f3b8:   0000000002d8f3f8 0000000002d8f438 

Instructions: (pc=0x00007ffddc7b844d)
0x00007ffddc7b842d:   49 ff a2 f0 09 00 00 cc cc cc cc cc cc cc cc cc
0x00007ffddc7b843d:   cc cc cc 48 8b 01 49 8b d1 41 8b c8 4c 8b 50 18
0x00007ffddc7b844d:   49 ff a2 18 0f 00 00 cc cc cc cc cc cc cc cc cc
0x00007ffddc7b845d:   cc cc cc 48 8b 01 48 8b 48 18 48 8b 81 c0 1b 00 


Register to memory mapping:

RAX=0x0000000071860d50 is an unknown value
RBX={method} {0x000000001c4a68b8} 'nglGenVertexArrays' '(IJ)V' in 'org/lwjgl/opengl/GL30'
RCX=0x0000000000000001 is an unknown value
RDX=0x000000001fb306ec is an unknown value
RSP=0x0000000002d8f2c8 is pointing into the stack for thread: 0x0000000002e96000
RBP=0x0000000002d8f348 is pointing into the stack for thread: 0x0000000002e96000
RSI=0x0000000000000188 is an unknown value
RDI=0x0000000002f97e70 is at code_begin+1040 in an Interpreter codelet
invoke return entry points  [0x0000000002f97a60, 0x0000000002f98440]  2528 bytes
R8 =0x0000000000000001 is an unknown value
R9 =0x000000001fb306ec is an unknown value
R10=0x0000000000000000 is an unknown value
R11=0x00000000712ebd80 is an unknown value
R12=0x0000000000000000 is an unknown value
R13={method} {0x000000001c4a68b8} 'nglGenVertexArrays' '(IJ)V' in 'org/lwjgl/opengl/GL30'
R14=0x0000000002d8f378 is pointing into the stack for thread: 0x0000000002e96000
R15=0x0000000002e96000 is a thread


Stack: [0x0000000002c90000,0x0000000002d90000],  sp=0x0000000002d8f2c8,  free space=1020k
Native frames: (J=compiled Java code, j=interpreted, Vv=VM code, C=native code)
C  [lwjgl_opengl.dll+0x844d]

Java frames: (J=compiled Java code, j=interpreted, Vv=VM code)
j  org.lwjgl.opengl.GL30.nglGenVertexArrays(IJ)V+0
j  org.lwjgl.opengl.GL30.glGenVertexArrays()I+20
j  Circle.createCircle(III)I+50
j  Circle.<init>(III)V+44
j  HelloWorld.<init>()V+30
j  AppKt.main([Ljava/lang/String;)V+10
v  ~StubRoutines::call_stub

---------------  P R O C E S S  ---------------

Java Threads: ( => current thread )
  0x000000001ed46000 JavaThread "Service Thread" daemon [_thread_blocked, id=6940, stack(0x000000001f660000,0x000000001f760000)]
  0x000000001ec93800 JavaThread "C1 CompilerThread3" daemon [_thread_blocked, id=8832, stack(0x000000001f560000,0x000000001f660000)]
  0x000000001ec90000 JavaThread "C2 CompilerThread2" daemon [_thread_blocked, id=4860, stack(0x000000001f460000,0x000000001f560000)]
  0x000000001ec8b000 JavaThread "C2 CompilerThread1" daemon [_thread_blocked, id=11444, stack(0x000000001f360000,0x000000001f460000)]
  0x000000001ec86800 JavaThread "C2 CompilerThread0" daemon [_thread_blocked, id=3660, stack(0x000000001f260000,0x000000001f360000)]
  0x000000001ec85000 JavaThread "Monitor Ctrl-Break" daemon [_thread_in_native, id=8992, stack(0x000000001f160000,0x000000001f260000)]
  0x000000001e99c000 JavaThread "Attach Listener" daemon [_thread_blocked, id=13148, stack(0x000000001f060000,0x000000001f160000)]
  0x000000001e99b000 JavaThread "Signal Dispatcher" daemon [_thread_blocked, id=13500, stack(0x000000001ef60000,0x000000001f060000)]
  0x000000001e990800 JavaThread "Finalizer" daemon [_thread_blocked, id=11052, stack(0x000000001ed70000,0x000000001ee70000)]
  0x0000000002f8c000 JavaThread "Reference Handler" daemon [_thread_blocked, id=10476, stack(0x000000001e870000,0x000000001e970000)]
=>0x0000000002e96000 JavaThread "main" [_thread_in_native, id=10280, stack(0x0000000002c90000,0x0000000002d90000)]

Other Threads:
  0x000000001ca78800 VMThread [stack: 0x000000001e770000,0x000000001e870000] [id=8924]
  0x000000001f7b0000 WatcherThread [stack: 0x000000001ff60000,0x0000000020060000] [id=9852]

VM state:not at safepoint (normal execution)

VM Mutex/Monitor currently owned by a thread: None

Heap:
 PSYoungGen      total 76288K, used 11807K [0x000000076af80000, 0x0000000770480000, 0x00000007c0000000)
  eden space 65536K, 18% used [0x000000076af80000,0x000000076bb07f30,0x000000076ef80000)
  from space 10752K, 0% used [0x000000076fa00000,0x000000076fa00000,0x0000000770480000)
  to   space 10752K, 0% used [0x000000076ef80000,0x000000076ef80000,0x000000076fa00000)
 ParOldGen       total 175104K, used 0K [0x00000006c0e00000, 0x00000006cb900000, 0x000000076af80000)
  object space 175104K, 0% used [0x00000006c0e00000,0x00000006c0e00000,0x00000006cb900000)
 Metaspace       used 5743K, capacity 5950K, committed 6144K, reserved 1056768K
  class space    used 655K, capacity 737K, committed 768K, reserved 1048576K

Card table byte_map: [0x0000000012350000,0x0000000012b50000] byte_map_base: 0x000000000ed49000

Marking Bits: (ParMarkBitMap*) 0x00000000718dc720
 Begin Bits: [0x00000000138b0000, 0x0000000017878000)
 End Bits:   [0x0000000017878000, 0x000000001b840000)

Polling page: 0x0000000002a70000

CodeCache: size=245760Kb used=1989Kb max_used=1989Kb free=243770Kb
 bounds [0x0000000002f90000, 0x0000000003200000, 0x0000000011f90000]
 total_blobs=750 nmethods=414 adapters=249
 compilation: enabled

Compilation events (10 events):
Event: 0.241 Thread 0x000000001ec93800 nmethod 409 0x0000000003176b90 code [0x0000000003176d00, 0x0000000003177068]
Event: 0.241 Thread 0x000000001ec86800 nmethod 407 0x000000000317a0d0 code [0x000000000317a220, 0x000000000317a558]
Event: 0.242 Thread 0x000000001ec93800  410   !   3       java.net.URL::<init> (543 bytes)
Event: 0.243 Thread 0x000000001ec93800 nmethod 410 0x000000000317a7d0 code [0x000000000317ac80, 0x000000000317dd38]
Event: 0.243 Thread 0x000000001ec93800  411   !   3       sun.misc.URLClassPath$JarLoader::getResource (353 bytes)
Event: 0.244 Thread 0x000000001ec93800 nmethod 411 0x0000000003180050 code [0x0000000003180460, 0x0000000003182308]
Event: 0.244 Thread 0x000000001ec93800  413  s    3       java.lang.StringBuffer::append (13 bytes)
Event: 0.244 Thread 0x000000001ec93800 nmethod 413 0x0000000003179790 code [0x0000000003179900, 0x0000000003179c28]
Event: 0.244 Thread 0x000000001ec93800  414       3       java.util.Vector::ensureCapacityHelper (16 bytes)
Event: 0.244 Thread 0x000000001ec93800 nmethod 414 0x0000000003179390 code [0x0000000003179500, 0x00000000031796e8]

GC Heap History (0 events):
No events

Deoptimization events (0 events):
No events

Internal exceptions (10 events):
Event: 0.023 Thread 0x0000000002e96000 Exception <a 'java/lang/NoSuchMethodError': Method sun.misc.Unsafe.prefetchRead(Ljava/lang/Object;J)V name or signature does not match> (0x000000076af87f90) thrown at [C:\re\workspace\8-2-build-windows-amd64-cygwin\jdk8u131\8869\hotspot\src\share\vm\prims
Event: 0.171 Thread 0x0000000002e96000 Exception <a 'java/lang/NoSuchFieldError': method resolution failed> (0x000000076b703288) thrown at [C:\re\workspace\8-2-build-windows-amd64-cygwin\jdk8u131\8869\hotspot\src\share\vm\prims\methodHandles.cpp, line 1146]
Event: 0.173 Thread 0x0000000002e96000 Exception <a 'java/lang/NoSuchFieldError': method resolution failed> (0x000000076b711130) thrown at [C:\re\workspace\8-2-build-windows-amd64-cygwin\jdk8u131\8869\hotspot\src\share\vm\prims\methodHandles.cpp, line 1146]
Event: 0.198 Thread 0x0000000002e96000 Exception <a 'java/lang/NoSuchMethodError': java.lang.Object.lambda$static$0(Ljava/lang/String;)Ljava/lang/Boolean;> (0x000000076b853fc0) thrown at [C:\re\workspace\8-2-build-windows-amd64-cygwin\jdk8u131\8869\hotspot\src\share\vm\interpreter\linkResolver
Event: 0.207 Thread 0x0000000002e96000 Exception <a 'java/security/PrivilegedActionException'> (0x000000076b89b9e8) thrown at [C:\re\workspace\8-2-build-windows-amd64-cygwin\jdk8u131\8869\hotspot\src\share\vm\prims\jvm.cpp, line 1390]
Event: 0.207 Thread 0x0000000002e96000 Exception <a 'java/security/PrivilegedActionException'> (0x000000076b89bbf8) thrown at [C:\re\workspace\8-2-build-windows-amd64-cygwin\jdk8u131\8869\hotspot\src\share\vm\prims\jvm.cpp, line 1390]
Event: 0.207 Thread 0x0000000002e96000 Exception <a 'java/security/PrivilegedActionException'> (0x000000076b89fb08) thrown at [C:\re\workspace\8-2-build-windows-amd64-cygwin\jdk8u131\8869\hotspot\src\share\vm\prims\jvm.cpp, line 1390]
Event: 0.207 Thread 0x0000000002e96000 Exception <a 'java/security/PrivilegedActionException'> (0x000000076b89fd18) thrown at [C:\re\workspace\8-2-build-windows-amd64-cygwin\jdk8u131\8869\hotspot\src\share\vm\prims\jvm.cpp, line 1390]
Event: 0.230 Thread 0x0000000002e96000 Exception <a 'sun/nio/fs/WindowsException'> (0x000000076b94ceb8) thrown at [C:\re\workspace\8-2-build-windows-amd64-cygwin\jdk8u131\8869\hotspot\src\share\vm\prims\jni.cpp, line 709]
Event: 0.231 Thread 0x0000000002e96000 Exception <a 'sun/nio/fs/WindowsException'> (0x000000076b94e8b8) thrown at [C:\re\workspace\8-2-build-windows-amd64-cygwin\jdk8u131\8869\hotspot\src\share\vm\prims\jni.cpp, line 709]

Events (10 events):
Event: 0.240 loading class org/lwjgl/system/jni/JNINativeInterface
Event: 0.240 loading class org/lwjgl/system/jni/JNINativeInterface done
Event: 0.241 loading class org/lwjgl/system/windows/WinBase
Event: 0.241 loading class org/lwjgl/system/windows/WinBase done
Event: 0.243 loading class org/lwjgl/opengl/GL$1
Event: 0.243 loading class org/lwjgl/opengl/GL$1 done
Event: 0.243 loading class org/lwjgl/opengl/GL$SharedLibraryGL
Event: 0.243 loading class org/lwjgl/opengl/GL$SharedLibraryGL done
Event: 0.244 loading class org/lwjgl/system/SharedLibrary$Delegate
Event: 0.244 loading class org/lwjgl/system/SharedLibrary$Delegate done


Dynamic libraries:
0x00007ff7801b0000 - 0x00007ff7801e7000 	C:\Program Files\Java\jdk1.8.0_131\bin\java.exe
0x00007ffdfb840000 - 0x00007ffdfba11000 	C:\Windows\SYSTEM32\ntdll.dll
0x00007ffdf93a0000 - 0x00007ffdf944c000 	C:\Windows\System32\KERNEL32.DLL
0x00007ffdf7f20000 - 0x00007ffdf813d000 	C:\Windows\System32\KERNELBASE.dll
0x00007ffdf8f60000 - 0x00007ffdf9002000 	C:\Windows\System32\ADVAPI32.dll
0x00007ffdfaa20000 - 0x00007ffdfaabe000 	C:\Windows\System32\msvcrt.dll
0x00007ffdfaaf0000 - 0x00007ffdfab49000 	C:\Windows\System32\sechost.dll
0x00007ffdf8dd0000 - 0x00007ffdf8ef1000 	C:\Windows\System32\RPCRT4.dll
0x00007ffdf91c0000 - 0x00007ffdf9325000 	C:\Windows\System32\USER32.dll
0x00007ffdf8140000 - 0x00007ffdf815e000 	C:\Windows\System32\win32u.dll
0x00007ffdfb230000 - 0x00007ffdfb264000 	C:\Windows\System32\GDI32.dll
0x00007ffdf7d40000 - 0x00007ffdf7ec0000 	C:\Windows\System32\gdi32full.dll
0x00007ffddc380000 - 0x00007ffddc5fa000 	C:\Windows\WinSxS\amd64_microsoft.windows.common-controls_6595b64144ccf1df_6.0.14393.953_none_42151e83c686086b\COMCTL32.dll
0x00007ffdfaf60000 - 0x00007ffdfb228000 	C:\Windows\System32\combase.dll
0x00007ffdf8cd0000 - 0x00007ffdf8dc5000 	C:\Windows\System32\ucrtbase.dll
0x00007ffdf8b70000 - 0x00007ffdf8bda000 	C:\Windows\System32\bcryptPrimitives.dll
0x00007ffdfb270000 - 0x00007ffdfb29e000 	C:\Windows\System32\IMM32.DLL
0x0000000071960000 - 0x0000000071a32000 	C:\Program Files\Java\jdk1.8.0_131\jre\bin\msvcr100.dll
0x00000000710c0000 - 0x000000007195c000 	C:\Program Files\Java\jdk1.8.0_131\jre\bin\server\jvm.dll
0x00007ffdf9070000 - 0x00007ffdf9078000 	C:\Windows\System32\PSAPI.DLL
0x00007ffdf5d30000 - 0x00007ffdf5d53000 	C:\Windows\SYSTEM32\WINMM.dll
0x00007ffdeb410000 - 0x00007ffdeb419000 	C:\Windows\SYSTEM32\WSOCK32.dll
0x00007ffdf38c0000 - 0x00007ffdf38ca000 	C:\Windows\SYSTEM32\VERSION.dll
0x00007ffdf9330000 - 0x00007ffdf939a000 	C:\Windows\System32\WS2_32.dll
0x00000000029c0000 - 0x00000000029eb000 	C:\Windows\SYSTEM32\WINMMBASE.dll
0x00007ffdf8be0000 - 0x00007ffdf8c22000 	C:\Windows\System32\cfgmgr32.dll
0x00000000710b0000 - 0x00000000710bf000 	C:\Program Files\Java\jdk1.8.0_131\jre\bin\verify.dll
0x0000000071080000 - 0x00000000710a9000 	C:\Program Files\Java\jdk1.8.0_131\jre\bin\java.dll
0x0000000070fe0000 - 0x0000000071003000 	C:\Program Files\Java\jdk1.8.0_131\jre\bin\instrument.dll
0x0000000071060000 - 0x0000000071076000 	C:\Program Files\Java\jdk1.8.0_131\jre\bin\zip.dll
0x00007ffdf9450000 - 0x00007ffdfa958000 	C:\Windows\System32\SHELL32.dll
0x00007ffdf8210000 - 0x00007ffdf88ea000 	C:\Windows\System32\windows.storage.dll
0x00007ffdf7cb0000 - 0x00007ffdf7cfc000 	C:\Windows\System32\powrprof.dll
0x00007ffdf9010000 - 0x00007ffdf9062000 	C:\Windows\System32\shlwapi.dll
0x00007ffdf7d00000 - 0x00007ffdf7d0f000 	C:\Windows\System32\kernel.appcore.dll
0x00007ffdf8ac0000 - 0x00007ffdf8b69000 	C:\Windows\System32\shcore.dll
0x00007ffdf7d10000 - 0x00007ffdf7d24000 	C:\Windows\System32\profapi.dll
0x00007ffdf03b0000 - 0x00007ffdf03ca000 	C:\Program Files\JetBrains\IntelliJ IDEA 2017.1.3\bin\breakgen64.dll
0x0000000071040000 - 0x000000007105a000 	C:\Program Files\Java\jdk1.8.0_131\jre\bin\net.dll
0x00007ffdf75e0000 - 0x00007ffdf763c000 	C:\Windows\system32\mswsock.dll
0x0000000071020000 - 0x0000000071031000 	C:\Program Files\Java\jdk1.8.0_131\jre\bin\nio.dll
0x00007ffdf00f0000 - 0x00007ffdf0147000 	C:\Users\viggy\AppData\Local\Temp\lwjglviggy\3.1.2-build-29\lwjgl.dll
0x00007ffddc7b0000 - 0x00007ffddc80c000 	C:\Users\viggy\AppData\Local\Temp\lwjglviggy\3.1.2-build-29\lwjgl_opengl.dll
0x00007ffdc0030000 - 0x00007ffdc0153000 	C:\Windows\SYSTEM32\opengl32.dll
0x00007ffdbff00000 - 0x00007ffdbff2d000 	C:\Windows\SYSTEM32\GLU32.dll
0x00007ffdbff30000 - 0x00007ffdc0027000 	C:\Windows\SYSTEM32\DDRAW.dll
0x00007ffdd4810000 - 0x00007ffdd4818000 	C:\Windows\SYSTEM32\DCIMAN32.dll
0x00007ffdeca80000 - 0x00007ffdecc12000 	C:\Windows\SYSTEM32\dbghelp.dll

VM Arguments:
jvm_args: -javaagent:C:\Program Files\JetBrains\IntelliJ IDEA 2017.1.3\lib\idea_rt.jar=55831:C:\Program Files\JetBrains\IntelliJ IDEA 2017.1.3\bin -Dfile.encoding=UTF-8 
java_command: AppKt
java_class_path (initial): C:\Program Files\Java\jdk1.8.0_131\jre\lib\charsets.jar;C:\Program Files\Java\jdk1.8.0_131\jre\lib\deploy.jar;C:\Program Files\Java\jdk1.8.0_131\jre\lib\ext\access-bridge-64.jar;C:\Program Files\Java\jdk1.8.0_131\jre\lib\ext\cldrdata.jar;C:\Program Files\Java\jdk1.8.0_131\jre\lib\ext\dnsns.jar;C:\Program Files\Java\jdk1.8.0_131\jre\lib\ext\jaccess.jar;C:\Program Files\Java\jdk1.8.0_131\jre\lib\ext\jfxrt.jar;C:\Program Files\Java\jdk1.8.0_131\jre\lib\ext\localedata.jar;C:\Program Files\Java\jdk1.8.0_131\jre\lib\ext\nashorn.jar;C:\Program Files\Java\jdk1.8.0_131\jre\lib\ext\sunec.jar;C:\Program Files\Java\jdk1.8.0_131\jre\lib\ext\sunjce_provider.jar;C:\Program Files\Java\jdk1.8.0_131\jre\lib\ext\sunmscapi.jar;C:\Program Files\Java\jdk1.8.0_131\jre\lib\ext\sunpkcs11.jar;C:\Program Files\Java\jdk1.8.0_131\jre\lib\ext\zipfs.jar;C:\Program Files\Java\jdk1.8.0_131\jre\lib\javaws.jar;C:\Program Files\Java\jdk1.8.0_131\jre\lib\jce.jar;C:\Program Files\Java\jdk1.8.0_131\jre\lib\jfr.jar;C:\Program Files\Java\jdk1.8.0_131\jre\lib\jfxswt.jar;C:\Program Files\Java\jdk1.8.0_131\jre\lib\jsse.jar;C:\Program Files\Java\jdk1.8.0_131\jre\lib\management-agent.jar;C:\Program Files\Java\jdk1.8.0_131\jre\lib\plugin.jar;C:\Program Files\Java\jdk1.8.0_131\jre\lib\resources.jar;C:\Program Files\Java\jdk1.8.0_131\jre\lib\rt.jar;C:\Users\viggy\IdeaProjects\Playground+\out\production\Playground+;C:\Users\viggy\.IntelliJIdea2017.1\config\plugins\Kotlin\kotlinc\lib\kotlin-runtime.jar;C:\Users\viggy\.IntelliJIdea2017.1\config\plugins\Kotlin\kotlinc\lib\kotlin-reflect.jar;C:\Users\viggy\Downloads\lwjgl-release-3.1.2-custom\lwjgl.jar;C:\Users\viggy\Downloads\lwjgl-release-3.1.2-custom\lwjgl-egl.jar;C:\Users\viggy\Downloads\lwjgl-release-3.1.2-custom\lwjgl-nfd.jar;C:\Users\viggy\Downloads\lwjgl-release-3.1.2-custom\lwjgl-ovr.jar;C:\Users\viggy\Downloads\lwjgl-release-3.1.2-custom\lwjgl-par.jar;C:\Users\viggy\Downloads\lwjgl-release-3.1.2-custom\lwjgl-sse.jar;C:\Users\viggy
Launcher Type: SUN_STANDARD

Environment Variables:
PATH=C:\Program Files\NVIDIA GPU Computing Toolkit\CUDA\v8.0\bin;C:\Program Files\NVIDIA GPU Computing Toolkit\CUDA\v8.0\libnvvp;C:\ProgramData\Oracle\Java\javapath;C:\Windows\system32;C:\Windows;C:\Windows\System32\Wbem;C:\Windows\System32\WindowsPowerShell\v1.0\;C:\Program Files\Microsoft SQL Server\130\Tools\Binn\;C:\Program Files\Microsoft SQL Server\Client SDK\ODBC\130\Tools\Binn\;C:\Program Files (x86)\Microsoft SQL Server\130\Tools\Binn\;C:\Program Files\Microsoft SQL Server\130\DTS\Binn\;C:\Program Files (x86)\Microsoft SQL Server\Client SDK\ODBC\130\Tools\Binn\;C:\Program Files (x86)\Microsoft SQL Server\130\DTS\Binn\;C:\Program Files (x86)\Microsoft SQL Server\130\Tools\Binn\ManagementStudio\;C:\Program Files\Redis\;C:\Program Files\dotnet\;C:\Program Files\PuTTY\;C:\Program Files (x86)\NVIDIA Corporation\PhysX\Common;C:\Users\viggy\AppData\Local\Microsoft\WindowsApps;
USERNAME=viggy
OS=Windows_NT
PROCESSOR_IDENTIFIER=Intel64 Family 6 Model 158 Stepping 9, GenuineIntel



---------------  S Y S T E M  ---------------

OS: Windows 10.0 , 64 bit Build 14393 (10.0.14393.1198)

CPU:total 8 (initial active 8) (4 cores per cpu, 2 threads per core) family 6 model 158 stepping 9, cmov, cx8, fxsr, mmx, sse, sse2, sse3, ssse3, sse4.1, sse4.2, popcnt, avx, avx2, aes, clmul, erms, rtm, 3dnowpref, lzcnt, ht, tsc, tscinvbit, bmi1, bmi2, adx

Memory: 4k page, physical 16714856k(8462120k free), swap 19205224k(6625836k free)

vm_info: Java HotSpot(TM) 64-Bit Server VM (25.131-b11) for windows-amd64 JRE (1.8.0_131-b11), built on Mar 15 2017 01:23:53 by "java_re" with MS VC++ 10.0 (VS2010)

time: Fri Jun 23 19:58:06 2017
elapsed time: 0 seconds (0d 0h 0m 0s)

